Arguments: 
  /usr/local/bin/node /usr/share/yarn/bin/yarn.js init

PATH: 
  /home/rebase/.bun/bin:/home/rebase/.pyenv/plugins/pyenv-virtualenv/shims:/home/rebase/.pyenv/shims:/home/rebase/.local/bin:/home/rebase/.pyenv/bin:/home/rebase/.rbenv/shims:/home/rebase/.asdf/shims:/home/rebase/.asdf/bin:/home/rebase/.rbenv/bin:/home/rebase/.bin:/usr/local/sbin:/home/rebase/.bun/bin:/home/rebase/.pyenv/plugins/pyenv-virtualenv/shims:/home/rebase/.local/bin:/home/rebase/.pyenv/bin:/home/rebase/.pyenv/bin:/home/rebase/.rbenv/shims:/home/rebase/.rbenv/bin:/home/rebase/.bin:/usr/local/sbin:/home/rebase/.bin:/usr/local/sbin:/usr/local/sbin:/usr/local/bin:/usr/sbin:/usr/bin:/sbin:/bin:/usr/games:/usr/local/games:/snap/bin:/snap/bin:/home/rebase/.fzf/bin

Yarn version: 
  1.22.19

Node version: 
  16.17.0

Platform: 
  linux x64

Trace: 
  Error: canceled
      at Interface.<anonymous> (/usr/share/yarn/lib/cli.js:137150:13)
      at Interface.emit (node:events:513:28)
      at Interface._ttyWrite (node:readline:1085:16)
      at ReadStream.onkeypress (node:readline:291:10)
      at ReadStream.emit (node:events:513:28)
      at emitKeys (node:internal/readline/utils:357:14)
      at emitKeys.next (<anonymous>)
      at ReadStream.onData (node:internal/readline/emitKeypressEvents:61:36)
      at ReadStream.emit (node:events:513:28)
      at addChunk (node:internal/streams/readable:315:12)

npm manifest: 
  No manifest

yarn manifest: 
  No manifest

Lockfile: 
  No lockfile
